The target system is: Generic - 3.7.99 - xtensa
The host system is: Linux - 5.15.0-122-generic - x86_64
Compiling the C compiler identification source file "CMakeCCompilerId.c" succeeded.
Compiler: /opt/toolchains/zephyr-sdk-0.16.8/xtensa-espressif_esp32s3_zephyr-elf/bin/xtensa-espressif_esp32s3_zephyr-elf-gcc 
Build flags: 
Id flags: -c 

The output was:
0


Compilation of the C compiler identification source "CMakeCCompilerId.c" produced "CMakeCCompilerId.o"

The C compiler identification is GNU, found in "/workspace/apps/01_blink/build/CMakeFiles/3.25.1/CompilerIdC/CMakeCCompilerId.o"

Compiling the CXX compiler identification source file "CMakeCXXCompilerId.cpp" succeeded.
Compiler: /opt/toolchains/zephyr-sdk-0.16.8/xtensa-espressif_esp32s3_zephyr-elf/bin/xtensa-espressif_esp32s3_zephyr-elf-g++ 
Build flags: 
Id flags: -c 

The output was:
0


Compilation of the CXX compiler identification source "CMakeCXXCompilerId.cpp" produced "CMakeCXXCompilerId.o"

The CXX compiler identification is GNU, found in "/workspace/apps/01_blink/build/CMakeFiles/3.25.1/CompilerIdCXX/CMakeCXXCompilerId.o"

Checking whether the ASM compiler is GNU using "--version" matched "(GNU assembler)|(GCC)|(Free Software Foundation)":
xtensa-espressif_esp32s3_zephyr-elf-gcc (Zephyr SDK 0.16.8) 12.2.0
Copyright (C) 2022 Free Software Foundation, Inc.
This is free software; see the source for copying conditions.  There is NO
warranty; not even for MERCHANTABILITY or FITNESS FOR A PARTICULAR PURPOSE.

Performing C SOURCE FILE Test check_C__nostartfiles__nostdlib__isystem___opt_toolchains_zephyr_sdk_0_16_8_xtensa_espressif_esp32s3_zephyr_elf_bin____lib_gcc_xtensa_espressif_esp32s3_zephyr_elf_12_2_0_include___isystem___opt_toolchains_zephyr_sdk_0_16_8_xtensa_espressif_esp32s3_zephyr_elf_bin____lib_gcc_xtensa_espressif_esp32s3_zephyr_elf_12_2_0_include_fixed___Wl___unresolved_symbols_ignore_in_object_files__Wl___entry_0__fuse_ld_bfd succeeded with the following output:
Change Dir: /workspace/apps/01_blink/build/CMakeFiles/CMakeScratch/TryCompile-AhqQCg

Run Build Command(s):/usr/bin/ninja cmTC_54a18 && [1/2] Building C object CMakeFiles/cmTC_54a18.dir/src.c.obj
[2/2] Linking C executable cmTC_54a18


Source file was:
int main(void) { return 0; }

Performing C SOURCE FILE Test check_Wall_C__nostartfiles__nostdlib__isystem___opt_toolchains_zephyr_sdk_0_16_8_xtensa_espressif_esp32s3_zephyr_elf_bin____lib_gcc_xtensa_espressif_esp32s3_zephyr_elf_12_2_0_include___isystem___opt_toolchains_zephyr_sdk_0_16_8_xtensa_espressif_esp32s3_zephyr_elf_bin____lib_gcc_xtensa_espressif_esp32s3_zephyr_elf_12_2_0_include_fixed___Wl___unresolved_symbols_ignore_in_object_files__Wl___entry_0__fuse_ld_bfd succeeded with the following output:
Change Dir: /workspace/apps/01_blink/build/CMakeFiles/CMakeScratch/TryCompile-ZzmfB7

Run Build Command(s):/usr/bin/ninja cmTC_706f7 && [1/2] Building C object CMakeFiles/cmTC_706f7.dir/src.c.obj
[2/2] Linking C executable cmTC_706f7


Source file was:
int main(void) { return 0; }

Performing C SOURCE FILE Test check_Wformat__Wformat_security_C__nostartfiles__nostdlib__isystem___opt_toolchains_zephyr_sdk_0_16_8_xtensa_espressif_esp32s3_zephyr_elf_bin____lib_gcc_xtensa_espressif_esp32s3_zephyr_elf_12_2_0_include___isystem___opt_toolchains_zephyr_sdk_0_16_8_xtensa_espressif_esp32s3_zephyr_elf_bin____lib_gcc_xtensa_espressif_esp32s3_zephyr_elf_12_2_0_include_fixed___Wl___unresolved_symbols_ignore_in_object_files__Wl___entry_0__fuse_ld_bfd succeeded with the following output:
Change Dir: /workspace/apps/01_blink/build/CMakeFiles/CMakeScratch/TryCompile-ZEcuEE

Run Build Command(s):/usr/bin/ninja cmTC_c0f44 && [1/2] Building C object CMakeFiles/cmTC_c0f44.dir/src.c.obj
[2/2] Linking C executable cmTC_c0f44


Source file was:
int main(void) { return 0; }

Performing C SOURCE FILE Test check_Wformat__Wformat_zero_length_C__nostartfiles__nostdlib__isystem___opt_toolchains_zephyr_sdk_0_16_8_xtensa_espressif_esp32s3_zephyr_elf_bin____lib_gcc_xtensa_espressif_esp32s3_zephyr_elf_12_2_0_include___isystem___opt_toolchains_zephyr_sdk_0_16_8_xtensa_espressif_esp32s3_zephyr_elf_bin____lib_gcc_xtensa_espressif_esp32s3_zephyr_elf_12_2_0_include_fixed___Wl___unresolved_symbols_ignore_in_object_files__Wl___entry_0__fuse_ld_bfd succeeded with the following output:
Change Dir: /workspace/apps/01_blink/build/CMakeFiles/CMakeScratch/TryCompile-x4gRJo

Run Build Command(s):/usr/bin/ninja cmTC_94222 && [1/2] Building C object CMakeFiles/cmTC_94222.dir/src.c.obj
[2/2] Linking C executable cmTC_94222


Source file was:
int main(void) { return 0; }

Performing C SOURCE FILE Test check_Wdouble_promotion_C__nostartfiles__nostdlib__isystem___opt_toolchains_zephyr_sdk_0_16_8_xtensa_espressif_esp32s3_zephyr_elf_bin____lib_gcc_xtensa_espressif_esp32s3_zephyr_elf_12_2_0_include___isystem___opt_toolchains_zephyr_sdk_0_16_8_xtensa_espressif_esp32s3_zephyr_elf_bin____lib_gcc_xtensa_espressif_esp32s3_zephyr_elf_12_2_0_include_fixed___Wl___unresolved_symbols_ignore_in_object_files__Wl___entry_0__fuse_ld_bfd succeeded with the following output:
Change Dir: /workspace/apps/01_blink/build/CMakeFiles/CMakeScratch/TryCompile-JS8c2a

Run Build Command(s):/usr/bin/ninja cmTC_b4a09 && [1/2] Building C object CMakeFiles/cmTC_b4a09.dir/src.c.obj
[2/2] Linking C executable cmTC_b4a09


Source file was:
int main(void) { return 0; }

Performing C SOURCE FILE Test check_Wpointer_sign_C__nostartfiles__nostdlib__isystem___opt_toolchains_zephyr_sdk_0_16_8_xtensa_espressif_esp32s3_zephyr_elf_bin____lib_gcc_xtensa_espressif_esp32s3_zephyr_elf_12_2_0_include___isystem___opt_toolchains_zephyr_sdk_0_16_8_xtensa_espressif_esp32s3_zephyr_elf_bin____lib_gcc_xtensa_espressif_esp32s3_zephyr_elf_12_2_0_include_fixed___Wl___unresolved_symbols_ignore_in_object_files__Wl___entry_0__fuse_ld_bfd succeeded with the following output:
Change Dir: /workspace/apps/01_blink/build/CMakeFiles/CMakeScratch/TryCompile-pSP826

Run Build Command(s):/usr/bin/ninja cmTC_1faee && [1/2] Building C object CMakeFiles/cmTC_1faee.dir/src.c.obj
[2/2] Linking C executable cmTC_1faee


Source file was:
int main(void) { return 0; }

Performing C SOURCE FILE Test check_Wpointer_arith_C__nostartfiles__nostdlib__isystem___opt_toolchains_zephyr_sdk_0_16_8_xtensa_espressif_esp32s3_zephyr_elf_bin____lib_gcc_xtensa_espressif_esp32s3_zephyr_elf_12_2_0_include___isystem___opt_toolchains_zephyr_sdk_0_16_8_xtensa_espressif_esp32s3_zephyr_elf_bin____lib_gcc_xtensa_espressif_esp32s3_zephyr_elf_12_2_0_include_fixed___Wl___unresolved_symbols_ignore_in_object_files__Wl___entry_0__fuse_ld_bfd succeeded with the following output:
Change Dir: /workspace/apps/01_blink/build/CMakeFiles/CMakeScratch/TryCompile-c75Jg2

Run Build Command(s):/usr/bin/ninja cmTC_8f73b && [1/2] Building C object CMakeFiles/cmTC_8f73b.dir/src.c.obj
[2/2] Linking C executable cmTC_8f73b


Source file was:
int main(void) { return 0; }

Performing C SOURCE FILE Test check_Wexpansion_to_defined_C__nostartfiles__nostdlib__isystem___opt_toolchains_zephyr_sdk_0_16_8_xtensa_espressif_esp32s3_zephyr_elf_bin____lib_gcc_xtensa_espressif_esp32s3_zephyr_elf_12_2_0_include___isystem___opt_toolchains_zephyr_sdk_0_16_8_xtensa_espressif_esp32s3_zephyr_elf_bin____lib_gcc_xtensa_espressif_esp32s3_zephyr_elf_12_2_0_include_fixed___Wl___unresolved_symbols_ignore_in_object_files__Wl___entry_0__fuse_ld_bfd succeeded with the following output:
Change Dir: /workspace/apps/01_blink/build/CMakeFiles/CMakeScratch/TryCompile-ywvXdh

Run Build Command(s):/usr/bin/ninja cmTC_393cc && [1/2] Building C object CMakeFiles/cmTC_393cc.dir/src.c.obj
[2/2] Linking C executable cmTC_393cc


Source file was:
int main(void) { return 0; }

Performing C SOURCE FILE Test check_Wlogical_op_C__nostartfiles__nostdlib__isystem___opt_toolchains_zephyr_sdk_0_16_8_xtensa_espressif_esp32s3_zephyr_elf_bin____lib_gcc_xtensa_espressif_esp32s3_zephyr_elf_12_2_0_include___isystem___opt_toolchains_zephyr_sdk_0_16_8_xtensa_espressif_esp32s3_zephyr_elf_bin____lib_gcc_xtensa_espressif_esp32s3_zephyr_elf_12_2_0_include_fixed___Wl___unresolved_symbols_ignore_in_object_files__Wl___entry_0__fuse_ld_bfd succeeded with the following output:
Change Dir: /workspace/apps/01_blink/build/CMakeFiles/CMakeScratch/TryCompile-5EmvYP

Run Build Command(s):/usr/bin/ninja cmTC_65313 && [1/2] Building C object CMakeFiles/cmTC_65313.dir/src.c.obj
[2/2] Linking C executable cmTC_65313


Source file was:
int main(void) { return 0; }

Performing C SOURCE FILE Test check_Wmissing_field_initializers_C__nostartfiles__nostdlib__isystem___opt_toolchains_zephyr_sdk_0_16_8_xtensa_espressif_esp32s3_zephyr_elf_bin____lib_gcc_xtensa_espressif_esp32s3_zephyr_elf_12_2_0_include___isystem___opt_toolchains_zephyr_sdk_0_16_8_xtensa_espressif_esp32s3_zephyr_elf_bin____lib_gcc_xtensa_espressif_esp32s3_zephyr_elf_12_2_0_include_fixed___Wl___unresolved_symbols_ignore_in_object_files__Wl___entry_0__fuse_ld_bfd succeeded with the following output:
Change Dir: /workspace/apps/01_blink/build/CMakeFiles/CMakeScratch/TryCompile-Wz9Eu2

Run Build Command(s):/usr/bin/ninja cmTC_100b2 && [1/2] Building C object CMakeFiles/cmTC_100b2.dir/src.c.obj
[2/2] Linking C executable cmTC_100b2


Source file was:
int main(void) { return 0; }

Performing C SOURCE FILE Test check_Wpacked_bitfield_compat_C__nostartfiles__nostdlib__isystem___opt_toolchains_zephyr_sdk_0_16_8_xtensa_espressif_esp32s3_zephyr_elf_bin____lib_gcc_xtensa_espressif_esp32s3_zephyr_elf_12_2_0_include___isystem___opt_toolchains_zephyr_sdk_0_16_8_xtensa_espressif_esp32s3_zephyr_elf_bin____lib_gcc_xtensa_espressif_esp32s3_zephyr_elf_12_2_0_include_fixed___Wl___unresolved_symbols_ignore_in_object_files__Wl___entry_0__fuse_ld_bfd succeeded with the following output:
Change Dir: /workspace/apps/01_blink/build/CMakeFiles/CMakeScratch/TryCompile-eS0fvP

Run Build Command(s):/usr/bin/ninja cmTC_7492e && [1/2] Building C object CMakeFiles/cmTC_7492e.dir/src.c.obj
[2/2] Linking C executable cmTC_7492e


Source file was:
int main(void) { return 0; }

Performing C SOURCE FILE Test check_Wvla_C__nostartfiles__nostdlib__isystem___opt_toolchains_zephyr_sdk_0_16_8_xtensa_espressif_esp32s3_zephyr_elf_bin____lib_gcc_xtensa_espressif_esp32s3_zephyr_elf_12_2_0_include___isystem___opt_toolchains_zephyr_sdk_0_16_8_xtensa_espressif_esp32s3_zephyr_elf_bin____lib_gcc_xtensa_espressif_esp32s3_zephyr_elf_12_2_0_include_fixed___Wl___unresolved_symbols_ignore_in_object_files__Wl___entry_0__fuse_ld_bfd succeeded with the following output:
Change Dir: /workspace/apps/01_blink/build/CMakeFiles/CMakeScratch/TryCompile-4D3lW6

Run Build Command(s):/usr/bin/ninja cmTC_2dc4d && [1/2] Building C object CMakeFiles/cmTC_2dc4d.dir/src.c.obj
[2/2] Linking C executable cmTC_2dc4d


Source file was:
int main(void) { return 0; }

Performing C SOURCE FILE Test check_Wunused_but_set_variable_C__nostartfiles__nostdlib__isystem___opt_toolchains_zephyr_sdk_0_16_8_xtensa_espressif_esp32s3_zephyr_elf_bin____lib_gcc_xtensa_espressif_esp32s3_zephyr_elf_12_2_0_include___isystem___opt_toolchains_zephyr_sdk_0_16_8_xtensa_espressif_esp32s3_zephyr_elf_bin____lib_gcc_xtensa_espressif_esp32s3_zephyr_elf_12_2_0_include_fixed___Wl___unresolved_symbols_ignore_in_object_files__Wl___entry_0__fuse_ld_bfd succeeded with the following output:
Change Dir: /workspace/apps/01_blink/build/CMakeFiles/CMakeScratch/TryCompile-aQZdAC

Run Build Command(s):/usr/bin/ninja cmTC_64e9e && [1/2] Building C object CMakeFiles/cmTC_64e9e.dir/src.c.obj
[2/2] Linking C executable cmTC_64e9e


Source file was:
int main(void) { return 0; }

Performing C SOURCE FILE Test check_Werror_implicit_int_C__nostartfiles__nostdlib__isystem___opt_toolchains_zephyr_sdk_0_16_8_xtensa_espressif_esp32s3_zephyr_elf_bin____lib_gcc_xtensa_espressif_esp32s3_zephyr_elf_12_2_0_include___isystem___opt_toolchains_zephyr_sdk_0_16_8_xtensa_espressif_esp32s3_zephyr_elf_bin____lib_gcc_xtensa_espressif_esp32s3_zephyr_elf_12_2_0_include_fixed___Wl___unresolved_symbols_ignore_in_object_files__Wl___entry_0__fuse_ld_bfd succeeded with the following output:
Change Dir: /workspace/apps/01_blink/build/CMakeFiles/CMakeScratch/TryCompile-NQD8ce

Run Build Command(s):/usr/bin/ninja cmTC_3f2df && [1/2] Building C object CMakeFiles/cmTC_3f2df.dir/src.c.obj
[2/2] Linking C executable cmTC_3f2df


Source file was:
int main(void) { return 0; }

Performing C SOURCE FILE Test check_fno_freestanding_C__nostartfiles__nostdlib__isystem___opt_toolchains_zephyr_sdk_0_16_8_xtensa_espressif_esp32s3_zephyr_elf_bin____lib_gcc_xtensa_espressif_esp32s3_zephyr_elf_12_2_0_include___isystem___opt_toolchains_zephyr_sdk_0_16_8_xtensa_espressif_esp32s3_zephyr_elf_bin____lib_gcc_xtensa_espressif_esp32s3_zephyr_elf_12_2_0_include_fixed___Wl___unresolved_symbols_ignore_in_object_files__Wl___entry_0__fuse_ld_bfd succeeded with the following output:
Change Dir: /workspace/apps/01_blink/build/CMakeFiles/CMakeScratch/TryCompile-i8TJZR

Run Build Command(s):/usr/bin/ninja cmTC_8250d && [1/2] Building C object CMakeFiles/cmTC_8250d.dir/src.c.obj
[2/2] Linking C executable cmTC_8250d


Source file was:
int main(void) { return 0; }

Performing C SOURCE FILE Test check_ffreestanding_C__nostartfiles__nostdlib__isystem___opt_toolchains_zephyr_sdk_0_16_8_xtensa_espressif_esp32s3_zephyr_elf_bin____lib_gcc_xtensa_espressif_esp32s3_zephyr_elf_12_2_0_include___isystem___opt_toolchains_zephyr_sdk_0_16_8_xtensa_espressif_esp32s3_zephyr_elf_bin____lib_gcc_xtensa_espressif_esp32s3_zephyr_elf_12_2_0_include_fixed___Wl___unresolved_symbols_ignore_in_object_files__Wl___entry_0__fuse_ld_bfd succeeded with the following output:
Change Dir: /workspace/apps/01_blink/build/CMakeFiles/CMakeScratch/TryCompile-SrEK76

Run Build Command(s):/usr/bin/ninja cmTC_9d1bc && [1/2] Building C object CMakeFiles/cmTC_9d1bc.dir/src.c.obj
[2/2] Linking C executable cmTC_9d1bc


Source file was:
int main(void) { return 0; }

Performing C SOURCE FILE Test check_gdwarf_4_C__nostartfiles__nostdlib__isystem___opt_toolchains_zephyr_sdk_0_16_8_xtensa_espressif_esp32s3_zephyr_elf_bin____lib_gcc_xtensa_espressif_esp32s3_zephyr_elf_12_2_0_include___isystem___opt_toolchains_zephyr_sdk_0_16_8_xtensa_espressif_esp32s3_zephyr_elf_bin____lib_gcc_xtensa_espressif_esp32s3_zephyr_elf_12_2_0_include_fixed___Wl___unresolved_symbols_ignore_in_object_files__Wl___entry_0__fuse_ld_bfd succeeded with the following output:
Change Dir: /workspace/apps/01_blink/build/CMakeFiles/CMakeScratch/TryCompile-qLeR4g

Run Build Command(s):/usr/bin/ninja cmTC_66180 && [1/2] Building C object CMakeFiles/cmTC_66180.dir/src.c.obj
[2/2] Linking C executable cmTC_66180


Source file was:
int main(void) { return 0; }

Performing C SOURCE FILE Test check_C__nostartfiles__nostdlib__isystem___opt_toolchains_zephyr_sdk_0_16_8_xtensa_espressif_esp32s3_zephyr_elf_bin____lib_gcc_xtensa_espressif_esp32s3_zephyr_elf_12_2_0_include___isystem___opt_toolchains_zephyr_sdk_0_16_8_xtensa_espressif_esp32s3_zephyr_elf_bin____lib_gcc_xtensa_espressif_esp32s3_zephyr_elf_12_2_0_include_fixed___Wl___unresolved_symbols_ignore_in_object_files__Wl___entry_0__fuse_ld_bfd__Wl___gc_sections succeeded with the following output:
Change Dir: /workspace/apps/01_blink/build/CMakeFiles/CMakeScratch/TryCompile-jZRh41

Run Build Command(s):/usr/bin/ninja cmTC_fa595 && [1/2] Building C object CMakeFiles/cmTC_fa595.dir/src.c.obj
[2/2] Linking C executable cmTC_fa595


Source file was:
int main(void) { return 0; }

Performing C SOURCE FILE Test check_C__nostartfiles__nostdlib__isystem___opt_toolchains_zephyr_sdk_0_16_8_xtensa_espressif_esp32s3_zephyr_elf_bin____lib_gcc_xtensa_espressif_esp32s3_zephyr_elf_12_2_0_include___isystem___opt_toolchains_zephyr_sdk_0_16_8_xtensa_espressif_esp32s3_zephyr_elf_bin____lib_gcc_xtensa_espressif_esp32s3_zephyr_elf_12_2_0_include_fixed___Wl___unresolved_symbols_ignore_in_object_files__Wl___entry_0__fuse_ld_bfd__Wl___build_id_none succeeded with the following output:
Change Dir: /workspace/apps/01_blink/build/CMakeFiles/CMakeScratch/TryCompile-lyvD6l

Run Build Command(s):/usr/bin/ninja cmTC_653e1 && [1/2] Building C object CMakeFiles/cmTC_653e1.dir/src.c.obj
[2/2] Linking C executable cmTC_653e1


Source file was:
int main(void) { return 0; }

Performing C SOURCE FILE Test check_C__nostartfiles__nostdlib__isystem___opt_toolchains_zephyr_sdk_0_16_8_xtensa_espressif_esp32s3_zephyr_elf_bin____lib_gcc_xtensa_espressif_esp32s3_zephyr_elf_12_2_0_include___isystem___opt_toolchains_zephyr_sdk_0_16_8_xtensa_espressif_esp32s3_zephyr_elf_bin____lib_gcc_xtensa_espressif_esp32s3_zephyr_elf_12_2_0_include_fixed___Wl___unresolved_symbols_ignore_in_object_files__Wl___entry_0__fuse_ld_bfd__nostdlib succeeded with the following output:
Change Dir: /workspace/apps/01_blink/build/CMakeFiles/CMakeScratch/TryCompile-hTS1vV

Run Build Command(s):/usr/bin/ninja cmTC_38e0e && [1/2] Building C object CMakeFiles/cmTC_38e0e.dir/src.c.obj
[2/2] Linking C executable cmTC_38e0e


Source file was:
int main(void) { return 0; }

Performing C SOURCE FILE Test check_C__nostartfiles__nostdlib__isystem___opt_toolchains_zephyr_sdk_0_16_8_xtensa_espressif_esp32s3_zephyr_elf_bin____lib_gcc_xtensa_espressif_esp32s3_zephyr_elf_12_2_0_include___isystem___opt_toolchains_zephyr_sdk_0_16_8_xtensa_espressif_esp32s3_zephyr_elf_bin____lib_gcc_xtensa_espressif_esp32s3_zephyr_elf_12_2_0_include_fixed___Wl___unresolved_symbols_ignore_in_object_files__Wl___entry_0__fuse_ld_bfd__static succeeded with the following output:
Change Dir: /workspace/apps/01_blink/build/CMakeFiles/CMakeScratch/TryCompile-xl5w0j

Run Build Command(s):/usr/bin/ninja cmTC_41bbf && [1/2] Building C object CMakeFiles/cmTC_41bbf.dir/src.c.obj
[2/2] Linking C executable cmTC_41bbf


Source file was:
int main(void) { return 0; }

Performing C SOURCE FILE Test check_C__nostartfiles__nostdlib__isystem___opt_toolchains_zephyr_sdk_0_16_8_xtensa_espressif_esp32s3_zephyr_elf_bin____lib_gcc_xtensa_espressif_esp32s3_zephyr_elf_12_2_0_include___isystem___opt_toolchains_zephyr_sdk_0_16_8_xtensa_espressif_esp32s3_zephyr_elf_bin____lib_gcc_xtensa_espressif_esp32s3_zephyr_elf_12_2_0_include_fixed___Wl___unresolved_symbols_ignore_in_object_files__Wl___entry_0__fuse_ld_bfd__Wl__X succeeded with the following output:
Change Dir: /workspace/apps/01_blink/build/CMakeFiles/CMakeScratch/TryCompile-6lI2qq

Run Build Command(s):/usr/bin/ninja cmTC_db834 && [1/2] Building C object CMakeFiles/cmTC_db834.dir/src.c.obj
[2/2] Linking C executable cmTC_db834


Source file was:
int main(void) { return 0; }

Performing C SOURCE FILE Test check_C__nostartfiles__nostdlib__isystem___opt_toolchains_zephyr_sdk_0_16_8_xtensa_espressif_esp32s3_zephyr_elf_bin____lib_gcc_xtensa_espressif_esp32s3_zephyr_elf_12_2_0_include___isystem___opt_toolchains_zephyr_sdk_0_16_8_xtensa_espressif_esp32s3_zephyr_elf_bin____lib_gcc_xtensa_espressif_esp32s3_zephyr_elf_12_2_0_include_fixed___Wl___unresolved_symbols_ignore_in_object_files__Wl___entry_0__fuse_ld_bfd__Wl__N succeeded with the following output:
Change Dir: /workspace/apps/01_blink/build/CMakeFiles/CMakeScratch/TryCompile-e67a85

Run Build Command(s):/usr/bin/ninja cmTC_95a33 && [1/2] Building C object CMakeFiles/cmTC_95a33.dir/src.c.obj
[2/2] Linking C executable cmTC_95a33


Source file was:
int main(void) { return 0; }

Performing C SOURCE FILE Test check_C__nostartfiles__nostdlib__isystem___opt_toolchains_zephyr_sdk_0_16_8_xtensa_espressif_esp32s3_zephyr_elf_bin____lib_gcc_xtensa_espressif_esp32s3_zephyr_elf_12_2_0_include___isystem___opt_toolchains_zephyr_sdk_0_16_8_xtensa_espressif_esp32s3_zephyr_elf_bin____lib_gcc_xtensa_espressif_esp32s3_zephyr_elf_12_2_0_include_fixed___Wl___unresolved_symbols_ignore_in_object_files__Wl___entry_0__fuse_ld_bfd__Wl___orphan_handling_warn succeeded with the following output:
Change Dir: /workspace/apps/01_blink/build/CMakeFiles/CMakeScratch/TryCompile-tjOxfO

Run Build Command(s):/usr/bin/ninja cmTC_8b7cc && [1/2] Building C object CMakeFiles/cmTC_8b7cc.dir/src.c.obj
[2/2] Linking C executable cmTC_8b7cc
/opt/toolchains/zephyr-sdk-0.16.8/xtensa-espressif_esp32s3_zephyr-elf/bin/../lib/gcc/xtensa-espressif_esp32s3_zephyr-elf/12.2.0/../../../../xtensa-espressif_esp32s3_zephyr-elf/bin/ld.bfd: warning: orphan section `.xtensa.info' from `CMakeFiles/cmTC_8b7cc.dir/src.c.obj' being placed in section `.xtensa.info'


Source file was:
int main(void) { return 0; }

Performing C SOURCE FILE Test check_C__nostartfiles__nostdlib__isystem___opt_toolchains_zephyr_sdk_0_16_8_xtensa_espressif_esp32s3_zephyr_elf_bin____lib_gcc_xtensa_espressif_esp32s3_zephyr_elf_12_2_0_include___isystem___opt_toolchains_zephyr_sdk_0_16_8_xtensa_espressif_esp32s3_zephyr_elf_bin____lib_gcc_xtensa_espressif_esp32s3_zephyr_elf_12_2_0_include_fixed___Wl___unresolved_symbols_ignore_in_object_files__Wl___entry_0__fuse_ld_bfd__Wl___print_memory_usage succeeded with the following output:
Change Dir: /workspace/apps/01_blink/build/CMakeFiles/CMakeScratch/TryCompile-PIQ75r

Run Build Command(s):/usr/bin/ninja cmTC_9d87d && [1/2] Building C object CMakeFiles/cmTC_9d87d.dir/src.c.obj
[2/2] Linking C executable cmTC_9d87d
Memory region         Used Size  Region Size  %age Used


Source file was:
int main(void) { return 0; }

Performing C SOURCE FILE Test check_C__nostartfiles__nostdlib__isystem___opt_toolchains_zephyr_sdk_0_16_8_xtensa_espressif_esp32s3_zephyr_elf_bin____lib_gcc_xtensa_espressif_esp32s3_zephyr_elf_12_2_0_include___isystem___opt_toolchains_zephyr_sdk_0_16_8_xtensa_espressif_esp32s3_zephyr_elf_bin____lib_gcc_xtensa_espressif_esp32s3_zephyr_elf_12_2_0_include_fixed___Wl___unresolved_symbols_ignore_in_object_files__Wl___entry_0__fuse_ld_bfd__Wl___no_relax succeeded with the following output:
Change Dir: /workspace/apps/01_blink/build/CMakeFiles/CMakeScratch/TryCompile-s0xPsc

Run Build Command(s):/usr/bin/ninja cmTC_0388b && [1/2] Building C object CMakeFiles/cmTC_0388b.dir/src.c.obj
[2/2] Linking C executable cmTC_0388b


Source file was:
int main(void) { return 0; }

Performing C SOURCE FILE Test check_C__nostartfiles__nostdlib__isystem___opt_toolchains_zephyr_sdk_0_16_8_xtensa_espressif_esp32s3_zephyr_elf_bin____lib_gcc_xtensa_espressif_esp32s3_zephyr_elf_12_2_0_include___isystem___opt_toolchains_zephyr_sdk_0_16_8_xtensa_espressif_esp32s3_zephyr_elf_bin____lib_gcc_xtensa_espressif_esp32s3_zephyr_elf_12_2_0_include_fixed___Wl___unresolved_symbols_ignore_in_object_files__Wl___entry_0__fuse_ld_bfd__Wl___sort_common_descending succeeded with the following output:
Change Dir: /workspace/apps/01_blink/build/CMakeFiles/CMakeScratch/TryCompile-IlpWJ5

Run Build Command(s):/usr/bin/ninja cmTC_63c5b && [1/2] Building C object CMakeFiles/cmTC_63c5b.dir/src.c.obj
[2/2] Linking C executable cmTC_63c5b


Source file was:
int main(void) { return 0; }

Performing C SOURCE FILE Test check_C__nostartfiles__nostdlib__isystem___opt_toolchains_zephyr_sdk_0_16_8_xtensa_espressif_esp32s3_zephyr_elf_bin____lib_gcc_xtensa_espressif_esp32s3_zephyr_elf_12_2_0_include___isystem___opt_toolchains_zephyr_sdk_0_16_8_xtensa_espressif_esp32s3_zephyr_elf_bin____lib_gcc_xtensa_espressif_esp32s3_zephyr_elf_12_2_0_include_fixed___Wl___unresolved_symbols_ignore_in_object_files__Wl___entry_0__fuse_ld_bfd__Wl___sort_section_alignment succeeded with the following output:
Change Dir: /workspace/apps/01_blink/build/CMakeFiles/CMakeScratch/TryCompile-X6BHkH

Run Build Command(s):/usr/bin/ninja cmTC_debe3 && [1/2] Building C object CMakeFiles/cmTC_debe3.dir/src.c.obj
[2/2] Linking C executable cmTC_debe3


Source file was:
int main(void) { return 0; }

Performing C SOURCE FILE Test check_C__nostartfiles__nostdlib__isystem___opt_toolchains_zephyr_sdk_0_16_8_xtensa_espressif_esp32s3_zephyr_elf_bin____lib_gcc_xtensa_espressif_esp32s3_zephyr_elf_12_2_0_include___isystem___opt_toolchains_zephyr_sdk_0_16_8_xtensa_espressif_esp32s3_zephyr_elf_bin____lib_gcc_xtensa_espressif_esp32s3_zephyr_elf_12_2_0_include_fixed___Wl___unresolved_symbols_ignore_in_object_files__Wl___entry_0__fuse_ld_bfd__fuse_ld_bfd succeeded with the following output:
Change Dir: /workspace/apps/01_blink/build/CMakeFiles/CMakeScratch/TryCompile-OQH1XC

Run Build Command(s):/usr/bin/ninja cmTC_9b347 && [1/2] Building C object CMakeFiles/cmTC_9b347.dir/src.c.obj
[2/2] Linking C executable cmTC_9b347


Source file was:
int main(void) { return 0; }

Performing C SOURCE FILE Test check_fno_asynchronous_unwind_tables_C__nostartfiles__nostdlib__isystem___opt_toolchains_zephyr_sdk_0_16_8_xtensa_espressif_esp32s3_zephyr_elf_bin____lib_gcc_xtensa_espressif_esp32s3_zephyr_elf_12_2_0_include___isystem___opt_toolchains_zephyr_sdk_0_16_8_xtensa_espressif_esp32s3_zephyr_elf_bin____lib_gcc_xtensa_espressif_esp32s3_zephyr_elf_12_2_0_include_fixed___Wl___unresolved_symbols_ignore_in_object_files__Wl___entry_0__fuse_ld_bfd succeeded with the following output:
Change Dir: /workspace/apps/01_blink/build/CMakeFiles/CMakeScratch/TryCompile-lwIa0a

Run Build Command(s):/usr/bin/ninja cmTC_1688c && [1/2] Building C object CMakeFiles/cmTC_1688c.dir/src.c.obj
[2/2] Linking C executable cmTC_1688c


Source file was:
int main(void) { return 0; }

Performing C SOURCE FILE Test check_fno_reorder_functions_C__nostartfiles__nostdlib__isystem___opt_toolchains_zephyr_sdk_0_16_8_xtensa_espressif_esp32s3_zephyr_elf_bin____lib_gcc_xtensa_espressif_esp32s3_zephyr_elf_12_2_0_include___isystem___opt_toolchains_zephyr_sdk_0_16_8_xtensa_espressif_esp32s3_zephyr_elf_bin____lib_gcc_xtensa_espressif_esp32s3_zephyr_elf_12_2_0_include_fixed___Wl___unresolved_symbols_ignore_in_object_files__Wl___entry_0__fuse_ld_bfd succeeded with the following output:
Change Dir: /workspace/apps/01_blink/build/CMakeFiles/CMakeScratch/TryCompile-xh3msS

Run Build Command(s):/usr/bin/ninja cmTC_84878 && [1/2] Building C object CMakeFiles/cmTC_84878.dir/src.c.obj
[2/2] Linking C executable cmTC_84878


Source file was:
int main(void) { return 0; }

Performing C SOURCE FILE Test check__param_min_pagesize_0_C__nostartfiles__nostdlib__isystem___opt_toolchains_zephyr_sdk_0_16_8_xtensa_espressif_esp32s3_zephyr_elf_bin____lib_gcc_xtensa_espressif_esp32s3_zephyr_elf_12_2_0_include___isystem___opt_toolchains_zephyr_sdk_0_16_8_xtensa_espressif_esp32s3_zephyr_elf_bin____lib_gcc_xtensa_espressif_esp32s3_zephyr_elf_12_2_0_include_fixed___Wl___unresolved_symbols_ignore_in_object_files__Wl___entry_0__fuse_ld_bfd succeeded with the following output:
Change Dir: /workspace/apps/01_blink/build/CMakeFiles/CMakeScratch/TryCompile-CKYG7Z

Run Build Command(s):/usr/bin/ninja cmTC_ef8c5 && [1/2] Building C object CMakeFiles/cmTC_ef8c5.dir/src.c.obj
[2/2] Linking C executable cmTC_ef8c5


Source file was:
int main(void) { return 0; }

Performing C SOURCE FILE Test check_fno_defer_pop_C__nostartfiles__nostdlib__isystem___opt_toolchains_zephyr_sdk_0_16_8_xtensa_espressif_esp32s3_zephyr_elf_bin____lib_gcc_xtensa_espressif_esp32s3_zephyr_elf_12_2_0_include___isystem___opt_toolchains_zephyr_sdk_0_16_8_xtensa_espressif_esp32s3_zephyr_elf_bin____lib_gcc_xtensa_espressif_esp32s3_zephyr_elf_12_2_0_include_fixed___Wl___unresolved_symbols_ignore_in_object_files__Wl___entry_0__fuse_ld_bfd succeeded with the following output:
Change Dir: /workspace/apps/01_blink/build/CMakeFiles/CMakeScratch/TryCompile-5XRYPb

Run Build Command(s):/usr/bin/ninja cmTC_7e83b && [1/2] Building C object CMakeFiles/cmTC_7e83b.dir/src.c.obj
[2/2] Linking C executable cmTC_7e83b


Source file was:
int main(void) { return 0; }

Performing C SOURCE FILE Test check_fmacro_prefix_map__workspace_apps_01_blink_CMAKE_SOURCE_DIR_C__nostartfiles__nostdlib__isystem___opt_toolchains_zephyr_sdk_0_16_8_xtensa_espressif_esp32s3_zephyr_elf_bin____lib_gcc_xtensa_espressif_esp32s3_zephyr_elf_12_2_0_include___isystem___opt_toolchains_zephyr_sdk_0_16_8_xtensa_espressif_esp32s3_zephyr_elf_bin____lib_gcc_xtensa_espressif_esp32s3_zephyr_elf_12_2_0_include_fixed___Wl___unresolved_symbols_ignore_in_object_files__Wl___entry_0__fuse_ld_bfd succeeded with the following output:
Change Dir: /workspace/apps/01_blink/build/CMakeFiles/CMakeScratch/TryCompile-J3OP0Y

Run Build Command(s):/usr/bin/ninja cmTC_2c081 && [1/2] Building C object CMakeFiles/cmTC_2c081.dir/src.c.obj
[2/2] Linking C executable cmTC_2c081


Source file was:
int main(void) { return 0; }

Performing C SOURCE FILE Test check_fmacro_prefix_map__opt_toolchains_zephyr_ZEPHYR_BASE_C__nostartfiles__nostdlib__isystem___opt_toolchains_zephyr_sdk_0_16_8_xtensa_espressif_esp32s3_zephyr_elf_bin____lib_gcc_xtensa_espressif_esp32s3_zephyr_elf_12_2_0_include___isystem___opt_toolchains_zephyr_sdk_0_16_8_xtensa_espressif_esp32s3_zephyr_elf_bin____lib_gcc_xtensa_espressif_esp32s3_zephyr_elf_12_2_0_include_fixed___Wl___unresolved_symbols_ignore_in_object_files__Wl___entry_0__fuse_ld_bfd succeeded with the following output:
Change Dir: /workspace/apps/01_blink/build/CMakeFiles/CMakeScratch/TryCompile-50hkor

Run Build Command(s):/usr/bin/ninja cmTC_3381c && [1/2] Building C object CMakeFiles/cmTC_3381c.dir/src.c.obj
[2/2] Linking C executable cmTC_3381c


Source file was:
int main(void) { return 0; }

Performing C SOURCE FILE Test check_fmacro_prefix_map__opt_toolchains_WEST_TOPDIR_C__nostartfiles__nostdlib__isystem___opt_toolchains_zephyr_sdk_0_16_8_xtensa_espressif_esp32s3_zephyr_elf_bin____lib_gcc_xtensa_espressif_esp32s3_zephyr_elf_12_2_0_include___isystem___opt_toolchains_zephyr_sdk_0_16_8_xtensa_espressif_esp32s3_zephyr_elf_bin____lib_gcc_xtensa_espressif_esp32s3_zephyr_elf_12_2_0_include_fixed___Wl___unresolved_symbols_ignore_in_object_files__Wl___entry_0__fuse_ld_bfd succeeded with the following output:
Change Dir: /workspace/apps/01_blink/build/CMakeFiles/CMakeScratch/TryCompile-TKw3UK

Run Build Command(s):/usr/bin/ninja cmTC_6355f && [1/2] Building C object CMakeFiles/cmTC_6355f.dir/src.c.obj
[2/2] Linking C executable cmTC_6355f


Source file was:
int main(void) { return 0; }

Performing C SOURCE FILE Test check_ffunction_sections_C__nostartfiles__nostdlib__isystem___opt_toolchains_zephyr_sdk_0_16_8_xtensa_espressif_esp32s3_zephyr_elf_bin____lib_gcc_xtensa_espressif_esp32s3_zephyr_elf_12_2_0_include___isystem___opt_toolchains_zephyr_sdk_0_16_8_xtensa_espressif_esp32s3_zephyr_elf_bin____lib_gcc_xtensa_espressif_esp32s3_zephyr_elf_12_2_0_include_fixed___Wl___unresolved_symbols_ignore_in_object_files__Wl___entry_0__fuse_ld_bfd succeeded with the following output:
Change Dir: /workspace/apps/01_blink/build/CMakeFiles/CMakeScratch/TryCompile-xmxSHD

Run Build Command(s):/usr/bin/ninja cmTC_e0242 && [1/2] Building C object CMakeFiles/cmTC_e0242.dir/src.c.obj
[2/2] Linking C executable cmTC_e0242


Source file was:
int main(void) { return 0; }

Performing C SOURCE FILE Test check_fdata_sections_C__nostartfiles__nostdlib__isystem___opt_toolchains_zephyr_sdk_0_16_8_xtensa_espressif_esp32s3_zephyr_elf_bin____lib_gcc_xtensa_espressif_esp32s3_zephyr_elf_12_2_0_include___isystem___opt_toolchains_zephyr_sdk_0_16_8_xtensa_espressif_esp32s3_zephyr_elf_bin____lib_gcc_xtensa_espressif_esp32s3_zephyr_elf_12_2_0_include_fixed___Wl___unresolved_symbols_ignore_in_object_files__Wl___entry_0__fuse_ld_bfd succeeded with the following output:
Change Dir: /workspace/apps/01_blink/build/CMakeFiles/CMakeScratch/TryCompile-4umdWr

Run Build Command(s):/usr/bin/ninja cmTC_dc7b2 && [1/2] Building C object CMakeFiles/cmTC_dc7b2.dir/src.c.obj
[2/2] Linking C executable cmTC_dc7b2


Source file was:
int main(void) { return 0; }

Performing C SOURCE FILE Test check_mlongcalls_C__nostartfiles__nostdlib__isystem___opt_toolchains_zephyr_sdk_0_16_8_xtensa_espressif_esp32s3_zephyr_elf_bin____lib_gcc_xtensa_espressif_esp32s3_zephyr_elf_12_2_0_include___isystem___opt_toolchains_zephyr_sdk_0_16_8_xtensa_espressif_esp32s3_zephyr_elf_bin____lib_gcc_xtensa_espressif_esp32s3_zephyr_elf_12_2_0_include_fixed___Wl___unresolved_symbols_ignore_in_object_files__Wl___entry_0__fuse_ld_bfd succeeded with the following output:
Change Dir: /workspace/apps/01_blink/build/CMakeFiles/CMakeScratch/TryCompile-IGeomD

Run Build Command(s):/usr/bin/ninja cmTC_eb961 && [1/2] Building C object CMakeFiles/cmTC_eb961.dir/src.c.obj
[2/2] Linking C executable cmTC_eb961


Source file was:
int main(void) { return 0; }

